f:\stm32l0_vl6180\visualgdb\debug\cl_delay.o
f:\stm32l0_vl6180\visualgdb\debug\cl_printmsg.o
f:\stm32l0_vl6180\visualgdb\debug\cl_systemclockupdate.o
f:\stm32l0_vl6180\visualgdb\debug\startup_stm32l031xx.o
f:\stm32l0_vl6180\visualgdb\debug\stm32l0xx_ll_adc.o
f:\stm32l0_vl6180\visualgdb\debug\stm32l0xx_ll_comp.o
f:\stm32l0_vl6180\visualgdb\debug\stm32l0xx_ll_crc.o
f:\stm32l0_vl6180\visualgdb\debug\stm32l0xx_ll_crs.o
f:\stm32l0_vl6180\visualgdb\debug\stm32l0xx_ll_dac.o
f:\stm32l0_vl6180\visualgdb\debug\stm32l0xx_ll_dma.o
f:\stm32l0_vl6180\visualgdb\debug\stm32l0xx_ll_exti.o
f:\stm32l0_vl6180\visualgdb\debug\stm32l0xx_ll_gpio.o
f:\stm32l0_vl6180\visualgdb\debug\stm32l0xx_ll_i2c.o
f:\stm32l0_vl6180\visualgdb\debug\stm32l0xx_ll_lptim.o
f:\stm32l0_vl6180\visualgdb\debug\stm32l0xx_ll_lpuart.o
f:\stm32l0_vl6180\visualgdb\debug\stm32l0xx_ll_pwr.o
f:\stm32l0_vl6180\visualgdb\debug\stm32l0xx_ll_rcc.o
f:\stm32l0_vl6180\visualgdb\debug\stm32l0xx_ll_rng.o
f:\stm32l0_vl6180\visualgdb\debug\stm32l0xx_ll_rtc.o
f:\stm32l0_vl6180\visualgdb\debug\stm32l0xx_ll_spi.o
f:\stm32l0_vl6180\visualgdb\debug\stm32l0xx_ll_tim.o
f:\stm32l0_vl6180\visualgdb\debug\stm32l0xx_ll_usart.o
f:\stm32l0_vl6180\visualgdb\debug\stm32l0xx_ll_utils.o
f:\stm32l0_vl6180\visualgdb\debug\stm32l0_vl6180.o
f:\stm32l0_vl6180\visualgdb\debug\system_stm32l0xx.o
f:\stm32l0_vl6180\visualgdb\debug\cl_delay.dep
f:\stm32l0_vl6180\visualgdb\debug\cl_printmsg.dep
f:\stm32l0_vl6180\visualgdb\debug\cl_systemclockupdate.dep
f:\stm32l0_vl6180\visualgdb\debug\startup_stm32l031xx.dep
f:\stm32l0_vl6180\visualgdb\debug\stm32l0xx_ll_adc.dep
f:\stm32l0_vl6180\visualgdb\debug\stm32l0xx_ll_comp.dep
f:\stm32l0_vl6180\visualgdb\debug\stm32l0xx_ll_crc.dep
f:\stm32l0_vl6180\visualgdb\debug\stm32l0xx_ll_crs.dep
f:\stm32l0_vl6180\visualgdb\debug\stm32l0xx_ll_dac.dep
f:\stm32l0_vl6180\visualgdb\debug\stm32l0xx_ll_dma.dep
f:\stm32l0_vl6180\visualgdb\debug\stm32l0xx_ll_exti.dep
f:\stm32l0_vl6180\visualgdb\debug\stm32l0xx_ll_gpio.dep
f:\stm32l0_vl6180\visualgdb\debug\stm32l0xx_ll_i2c.dep
f:\stm32l0_vl6180\visualgdb\debug\stm32l0xx_ll_lptim.dep
f:\stm32l0_vl6180\visualgdb\debug\stm32l0xx_ll_lpuart.dep
f:\stm32l0_vl6180\visualgdb\debug\stm32l0xx_ll_pwr.dep
f:\stm32l0_vl6180\visualgdb\debug\stm32l0xx_ll_rcc.dep
f:\stm32l0_vl6180\visualgdb\debug\stm32l0xx_ll_rng.dep
f:\stm32l0_vl6180\visualgdb\debug\stm32l0xx_ll_rtc.dep
f:\stm32l0_vl6180\visualgdb\debug\stm32l0xx_ll_spi.dep
f:\stm32l0_vl6180\visualgdb\debug\stm32l0xx_ll_tim.dep
f:\stm32l0_vl6180\visualgdb\debug\stm32l0xx_ll_usart.dep
f:\stm32l0_vl6180\visualgdb\debug\stm32l0xx_ll_utils.dep
f:\stm32l0_vl6180\visualgdb\debug\stm32l0_vl6180.dep
f:\stm32l0_vl6180\visualgdb\debug\system_stm32l0xx.dep
f:\stm32l0_vl6180\visualgdb\debug\stm32l0_vl6180.link.rsp
f:\stm32l0_vl6180\visualgdb\debug\stm32l0_vl6180.bin
f:\stm32l0_vl6180\visualgdb\debug\stm32l0_vl6180.alldeps
f:\stm32l0_vl6180\visualgdb\debug\stm32l0_vl6180
f:\stm32l0_vl6180\visualgdb\debug\cl_delay.gcc.rsp
f:\stm32l0_vl6180\visualgdb\debug\cl_printmsg.gcc.rsp
f:\stm32l0_vl6180\visualgdb\debug\cl_systemclockupdate.gcc.rsp
f:\stm32l0_vl6180\visualgdb\debug\startup_stm32l031xx.gcc.rsp
f:\stm32l0_vl6180\visualgdb\debug\stm32l0xx_ll_adc.gcc.rsp
f:\stm32l0_vl6180\visualgdb\debug\stm32l0xx_ll_comp.gcc.rsp
f:\stm32l0_vl6180\visualgdb\debug\stm32l0xx_ll_crc.gcc.rsp
f:\stm32l0_vl6180\visualgdb\debug\stm32l0xx_ll_crs.gcc.rsp
f:\stm32l0_vl6180\visualgdb\debug\stm32l0xx_ll_dac.gcc.rsp
f:\stm32l0_vl6180\visualgdb\debug\stm32l0xx_ll_dma.gcc.rsp
f:\stm32l0_vl6180\visualgdb\debug\stm32l0xx_ll_exti.gcc.rsp
f:\stm32l0_vl6180\visualgdb\debug\stm32l0xx_ll_gpio.gcc.rsp
f:\stm32l0_vl6180\visualgdb\debug\stm32l0xx_ll_i2c.gcc.rsp
f:\stm32l0_vl6180\visualgdb\debug\stm32l0xx_ll_lptim.gcc.rsp
f:\stm32l0_vl6180\visualgdb\debug\stm32l0xx_ll_lpuart.gcc.rsp
f:\stm32l0_vl6180\visualgdb\debug\stm32l0xx_ll_pwr.gcc.rsp
f:\stm32l0_vl6180\visualgdb\debug\stm32l0xx_ll_rcc.gcc.rsp
f:\stm32l0_vl6180\visualgdb\debug\stm32l0xx_ll_rng.gcc.rsp
f:\stm32l0_vl6180\visualgdb\debug\stm32l0xx_ll_rtc.gcc.rsp
f:\stm32l0_vl6180\visualgdb\debug\stm32l0xx_ll_spi.gcc.rsp
f:\stm32l0_vl6180\visualgdb\debug\stm32l0xx_ll_tim.gcc.rsp
f:\stm32l0_vl6180\visualgdb\debug\stm32l0xx_ll_usart.gcc.rsp
f:\stm32l0_vl6180\visualgdb\debug\stm32l0xx_ll_utils.gcc.rsp
f:\stm32l0_vl6180\visualgdb\debug\stm32l0_vl6180.gcc.rsp
f:\stm32l0_vl6180\visualgdb\debug\stm32l0_vl6180.mkbin.rsp
f:\stm32l0_vl6180\visualgdb\debug\system_stm32l0xx.gcc.rsp
